{
  "RSpec": {
    "coverage": {
      "/Users/jonathanbernesser/Turing/1module/Black_Thursday/black_thursday/lib/customer_repository.rb": [
        1,
        1,
        1,
        null,
        1,
        null,
        1,
        null,
        1,
        null,
        1,
        52,
        null,
        null,
        null,
        1,
        53,
        46,
        1225,
        null,
        null,
        null,
        null,
        1,
        91,
        null,
        null,
        1,
        453,
        1362,
        null,
        null,
        null,
        1,
        0,
        0,
        null,
        null,
        null,
        1,
        1,
        2,
        null,
        null,
        null,
        1,
        1,
        2,
        null,
        null,
        null,
        1,
        0,
        null,
        null,
        null
      ],
      "/Users/jonathanbernesser/Turing/1module/Black_Thursday/black_thursday/lib/customer.rb": [
        1,
        null,
        1,
        1,
        null,
        null,
        1,
        null,
        1,
        1238,
        1238,
        1238,
        1238,
        1238,
        1238,
        1238,
        null,
        null,
        1,
        0,
        null,
        null,
        null
      ],
      "/Users/jonathanbernesser/Turing/1module/Black_Thursday/black_thursday/lib/csv_loader.rb": [
        1,
        null,
        1,
        null,
        1,
        273,
        null,
        null,
        null
      ],
      "/Users/jonathanbernesser/Turing/1module/Black_Thursday/black_thursday/test/customer_test.rb": [
        1,
        1,
        1,
        1,
        1,
        1,
        1,
        1,
        null,
        null,
        1,
        1,
        null,
        1,
        1,
        null,
        null,
        null,
        null,
        null,
        null,
        null,
        1,
        1,
        1,
        1,
        1,
        1,
        null,
        null,
        null
      ],
      "/Users/jonathanbernesser/Turing/1module/Black_Thursday/black_thursday/test/invoice_item_repository_test.rb": [
        1,
        1,
        1,
        1,
        1,
        1,
        1,
        1,
        null,
        null,
        1,
        1,
        1,
        null,
        1,
        6,
        6,
        null,
        null,
        null,
        null,
        null,
        null,
        null,
        null,
        null,
        null,
        null,
        null,
        null,
        null,
        null,
        null,
        null,
        null,
        null,
        null,
        null,
        1,
        1,
        1,
        1,
        null,
        1,
        null,
        null,
        1,
        1,
        null,
        null,
        1,
        1,
        null,
        null,
        1,
        1,
        null,
        null,
        1,
        1,
        null,
        null,
        1,
        1,
        null,
        null,
        null,
        null
      ],
      "/Users/jonathanbernesser/Turing/1module/Black_Thursday/black_thursday/lib/invoice_item_repository.rb": [
        1,
        1,
        1,
        null,
        1,
        1,
        null,
        1,
        null,
        1,
        52,
        null,
        null,
        1,
        53,
        46,
        22055,
        null,
        null,
        null,
        null,
        1,
        46,
        null,
        null,
        1,
        2,
        7,
        null,
        null,
        null,
        1,
        1,
        2,
        null,
        null,
        null,
        1,
        228,
        1137,
        null,
        null,
        null,
        1,
        0,
        null,
        null,
        null
      ],
      "/Users/jonathanbernesser/Turing/1module/Black_Thursday/black_thursday/lib/invoice_item.rb": [
        1,
        1,
        null,
        1,
        1,
        null,
        null,
        null,
        1,
        null,
        1,
        22069,
        22069,
        22069,
        22069,
        22069,
        22069,
        22069,
        null,
        22069,
        null,
        null,
        null,
        null,
        1,
        24,
        null,
        24,
        null,
        null,
        1,
        23,
        null,
        null,
        1,
        22,
        null,
        null,
        1,
        0,
        null,
        null,
        null,
        null,
        null,
        null,
        null,
        null
      ],
      "/Users/jonathanbernesser/Turing/1module/Black_Thursday/black_thursday/test/invoice_item_test.rb": [
        1,
        1,
        1,
        1,
        1,
        1,
        1,
        1,
        null,
        null,
        1,
        1,
        null,
        1,
        2,
        null,
        null,
        null,
        null,
        null,
        null,
        null,
        null,
        null,
        1,
        1,
        1,
        1,
        1,
        1,
        1,
        1,
        null,
        null,
        1,
        1,
        null,
        null,
        null
      ],
      "/Users/jonathanbernesser/Turing/1module/Black_Thursday/black_thursday/test/invoice_repository_test.rb": [
        1,
        1,
        1,
        1,
        1,
        1,
        1,
        1,
        null,
        null,
        1,
        1,
        null,
        1,
        null,
        12,
        12,
        null,
        null,
        null,
        null,
        null,
        null,
        null,
        null,
        null,
        null,
        null,
        null,
        null,
        null,
        null,
        null,
        null,
        null,
        null,
        1,
        0,
        null,
        null,
        1,
        1,
        null,
        null,
        1,
        1,
        null,
        null,
        1,
        1,
        null,
        null,
        1,
        1,
        null,
        null,
        1,
        1,
        null,
        null,
        1,
        1,
        null,
        null,
        1,
        1,
        null,
        null,
        1,
        1,
        null,
        null,
        1,
        1,
        null,
        null,
        1,
        1,
        null,
        null,
        1,
        1,
        null,
        null,
        1,
        1,
        null,
        null,
        null
      ],
      "/Users/jonathanbernesser/Turing/1module/Black_Thursday/black_thursday/lib/invoice_repository.rb": [
        1,
        1,
        1,
        null,
        1,
        1,
        1,
        null,
        1,
        58,
        270,
        null,
        null,
        null,
        1,
        389,
        null,
        null,
        1,
        231,
        687,
        null,
        null,
        null,
        1,
        226,
        1127,
        null,
        null,
        null,
        1,
        228,
        1131,
        null,
        null,
        null,
        1,
        2,
        4,
        null,
        null,
        null,
        1,
        8,
        null,
        null,
        1,
        3,
        12,
        12,
        null,
        null,
        null,
        1,
        2,
        6,
        null,
        null,
        2,
        2,
        null,
        null,
        1,
        1,
        5,
        null,
        null,
        null,
        1,
        0,
        null,
        null
      ],
      "/Users/jonathanbernesser/Turing/1module/Black_Thursday/black_thursday/lib/invoice.rb": [
        1,
        null,
        1,
        1,
        null,
        null,
        null,
        1,
        null,
        1,
        256,
        256,
        256,
        256,
        256,
        256,
        null,
        256,
        256,
        256,
        256,
        256,
        null,
        null,
        1,
        0,
        null,
        null,
        1,
        6,
        6,
        null,
        null,
        null,
        1,
        2,
        1,
        1,
        1,
        null,
        null,
        null,
        null,
        1,
        5,
        5,
        null,
        null,
        null
      ],
      "/Users/jonathanbernesser/Turing/1module/Black_Thursday/black_thursday/lib/standard_deviator.rb": [
        1,
        null,
        1,
        9,
        9,
        null,
        9,
        null,
        null,
        1,
        9,
        null,
        null,
        null,
        null,
        null
      ],
      "/Users/jonathanbernesser/Turing/1module/Black_Thursday/black_thursday/test/invoice_test.rb": [
        1,
        1,
        1,
        1,
        1,
        1,
        1,
        1,
        1,
        1,
        null,
        null,
        1,
        1,
        null,
        1,
        null,
        6,
        null,
        null,
        null,
        null,
        null,
        null,
        null,
        null,
        6,
        null,
        null,
        null,
        1,
        1,
        null,
        null,
        1,
        1,
        1,
        1,
        1,
        1,
        1,
        null,
        null,
        1,
        1,
        1,
        1,
        null,
        1,
        null,
        null,
        1,
        1,
        1,
        1,
        null,
        1,
        null,
        null,
        1,
        1,
        1,
        1,
        null,
        1,
        1,
        1,
        null,
        1,
        null,
        null,
        1,
        1,
        1,
        1,
        null,
        1,
        1,
        1,
        null,
        1,
        null,
        null,
        null
      ],
      "/Users/jonathanbernesser/Turing/1module/Black_Thursday/black_thursday/lib/transaction.rb": [
        1,
        null,
        null,
        1,
        1,
        null,
        null,
        null,
        1,
        null,
        1,
        5233,
        5233,
        5233,
        5233,
        5233,
        5233,
        5233,
        5233,
        null,
        null,
        1,
        0,
        null,
        null,
        1,
        21,
        null,
        null
      ],
      "/Users/jonathanbernesser/Turing/1module/Black_Thursday/black_thursday/test/item_repository_test.rb": [
        1,
        1,
        1,
        1,
        1,
        1,
        1,
        1,
        null,
        null,
        1,
        1,
        1,
        null,
        1,
        10,
        10,
        10,
        null,
        null,
        null,
        null,
        null,
        null,
        null,
        null,
        null,
        null,
        null,
        null,
        null,
        null,
        null,
        null,
        null,
        null,
        null,
        null,
        1,
        1,
        null,
        1,
        null,
        null,
        1,
        1,
        null,
        1,
        null,
        null,
        1,
        1,
        null,
        1,
        null,
        null,
        1,
        1,
        null,
        1,
        null,
        null,
        1,
        1,
        null,
        1,
        null,
        null,
        1,
        1,
        null,
        1,
        null,
        null,
        1,
        1,
        1,
        null,
        1,
        1,
        null,
        1,
        1,
        1,
        null,
        null,
        1,
        1,
        1,
        null,
        null,
        null,
        1,
        null,
        null,
        1,
        1,
        null,
        1,
        1,
        1,
        null,
        null,
        1,
        1,
        null,
        1,
        null,
        null,
        null
      ],
      "/Users/jonathanbernesser/Turing/1module/Black_Thursday/black_thursday/lib/item_repository.rb": [
        1,
        1,
        1,
        null,
        1,
        1,
        null,
        1,
        null,
        1,
        55,
        270,
        null,
        null,
        null,
        1,
        72,
        null,
        null,
        1,
        230,
        686,
        null,
        null,
        null,
        1,
        3,
        6,
        null,
        null,
        null,
        1,
        1,
        2,
        null,
        null,
        null,
        1,
        1,
        2,
        null,
        null,
        null,
        1,
        1,
        2,
        null,
        null,
        null,
        1,
        226,
        1127,
        null,
        null,
        null,
        1,
        0,
        null,
        null,
        null
      ],
      "/Users/jonathanbernesser/Turing/1module/Black_Thursday/black_thursday/lib/item.rb": [
        1,
        1,
        1,
        null,
        1,
        null,
        1,
        null,
        null,
        1,
        null,
        1,
        254,
        254,
        254,
        254,
        254,
        254,
        254,
        null,
        254,
        null,
        null,
        1,
        1,
        null,
        1,
        null,
        null,
        1,
        1,
        null,
        null,
        1,
        1,
        null,
        null,
        1,
        81,
        null,
        null,
        1,
        0,
        null,
        null,
        null
      ],
      "/Users/jonathanbernesser/Turing/1module/Black_Thursday/black_thursday/test/item_test.rb": [
        1,
        1,
        1,
        1,
        1,
        1,
        1,
        1,
        null,
        null,
        1,
        1,
        null,
        1,
        9,
        null,
        null,
        null,
        null,
        null,
        null,
        null,
        null,
        null,
        null,
        null,
        null,
        1,
        1,
        null,
        null,
        1,
        1,
        null,
        null,
        1,
        1,
        null,
        null,
        1,
        1,
        null,
        null,
        1,
        1,
        null,
        null,
        1,
        1,
        null,
        null,
        1,
        1,
        null,
        null,
        1,
        1,
        null,
        null,
        1,
        1,
        null,
        1,
        null,
        null,
        null
      ],
      "/Users/jonathanbernesser/Turing/1module/Black_Thursday/black_thursday/test/merchant_repository_test.rb": [
        1,
        1,
        1,
        1,
        1,
        1,
        1,
        1,
        1,
        null,
        1,
        1,
        null,
        1,
        7,
        7,
        null,
        null,
        null,
        null,
        null,
        1,
        1,
        null,
        1,
        null,
        null,
        1,
        1,
        1,
        null,
        1,
        null,
        null,
        1,
        1,
        null,
        1,
        null,
        null,
        1,
        1,
        null,
        1,
        null,
        null,
        1,
        1,
        null,
        1,
        null,
        null,
        1,
        1,
        1,
        null,
        1,
        null,
        null,
        1,
        1,
        1,
        1,
        null,
        1,
        1,
        null,
        null,
        null
      ],
      "/Users/jonathanbernesser/Turing/1module/Black_Thursday/black_thursday/lib/merchant_repository.rb": [
        1,
        1,
        1,
        null,
        1,
        1,
        null,
        1,
        null,
        1,
        52,
        270,
        null,
        null,
        null,
        1,
        181,
        null,
        null,
        1,
        684,
        2051,
        null,
        null,
        null,
        1,
        3,
        8,
        null,
        null,
        null,
        1,
        1,
        3,
        null,
        null,
        null,
        1,
        0,
        null,
        null,
        null
      ],
      "/Users/jonathanbernesser/Turing/1module/Black_Thursday/black_thursday/lib/merchant.rb": [
        1,
        null,
        1,
        1,
        null,
        1,
        null,
        1,
        251,
        251,
        251,
        251,
        251,
        251,
        251,
        null,
        null,
        1,
        7,
        6,
        null,
        1,
        null,
        null,
        null,
        1,
        0,
        null,
        null,
        1,
        null,
        21,
        21,
        21,
        21,
        null,
        null,
        21,
        null,
        null,
        null,
        1,
        0,
        0,
        null,
        null,
        null,
        1,
        2,
        2,
        null,
        null,
        null,
        1,
        5,
        5,
        null,
        null,
        null,
        null
      ],
      "/Users/jonathanbernesser/Turing/1module/Black_Thursday/black_thursday/lib/sales_engine.rb": [
        1,
        1,
        1,
        1,
        1,
        1,
        1,
        1,
        null,
        1,
        1,
        null,
        null,
        1,
        null,
        45,
        45,
        45,
        45,
        45,
        45,
        45,
        null,
        45,
        null,
        null,
        null,
        1,
        45,
        45,
        45,
        45,
        45,
        45,
        null,
        null,
        45,
        null,
        null,
        null,
        1,
        null,
        45,
        45,
        45,
        45,
        45,
        45,
        45,
        45,
        45,
        45,
        45,
        null,
        null,
        1,
        45,
        225,
        null,
        null,
        null,
        1,
        45,
        225,
        null,
        null,
        null,
        1,
        45,
        225,
        null,
        null,
        null,
        1,
        45,
        225,
        null,
        null,
        null,
        1,
        45,
        225,
        null,
        225,
        225,
        null,
        null,
        null,
        1,
        45,
        225,
        1125,
        1125,
        null,
        null,
        null,
        null,
        1,
        45,
        225,
        null,
        null,
        null,
        1,
        45,
        225,
        null,
        null,
        null,
        1,
        45,
        225,
        225,
        null,
        null,
        null,
        null,
        1,
        45,
        225,
        225,
        null,
        null,
        null,
        null,
        1,
        45,
        225,
        null,
        null,
        null,
        null
      ],
      "/Users/jonathanbernesser/Turing/1module/Black_Thursday/black_thursday/lib/transaction_repository.rb": [
        1,
        1,
        null,
        1,
        1,
        1,
        null,
        1,
        57,
        null,
        null,
        1,
        58,
        46,
        5210,
        null,
        null,
        null,
        null,
        null,
        1,
        46,
        null,
        null,
        1,
        4,
        11,
        null,
        null,
        null,
        1,
        2,
        4,
        null,
        null,
        null,
        1,
        2,
        4,
        null,
        null,
        null,
        1,
        2,
        4,
        null,
        null,
        null,
        1,
        0,
        null,
        null,
        null
      ],
      "/Users/jonathanbernesser/Turing/1module/Black_Thursday/black_thursday/test/merchant_test.rb": [
        1,
        1,
        1,
        1,
        1,
        1,
        null,
        1,
        1,
        null,
        1,
        5,
        null,
        null,
        null,
        null,
        null,
        1,
        1,
        null,
        null,
        1,
        1,
        null,
        null,
        1,
        1,
        1,
        null,
        null,
        1,
        1,
        1,
        1,
        1,
        null,
        null,
        1,
        1,
        null,
        null,
        null
      ],
      "/Users/jonathanbernesser/Turing/1module/Black_Thursday/black_thursday/test/sales_analyst_test.rb": [
        1,
        1,
        1,
        1,
        1,
        1,
        1,
        1,
        1,
        1,
        1,
        1,
        1,
        null,
        null,
        1,
        1,
        null,
        1,
        29,
        null,
        null,
        null,
        null,
        null,
        null,
        null,
        null,
        29,
        null,
        null,
        null,
        1,
        1,
        null,
        null,
        1,
        1,
        null,
        null,
        1,
        1,
        null,
        null,
        1,
        1,
        null,
        null,
        1,
        1,
        null,
        null,
        1,
        1,
        null,
        null,
        1,
        1,
        null,
        null,
        1,
        1,
        null,
        null,
        1,
        1,
        null,
        null,
        1,
        1,
        null,
        null,
        1,
        1,
        null,
        null,
        1,
        1,
        null,
        null,
        1,
        1,
        null,
        null,
        1,
        1,
        null,
        null,
        1,
        1,
        null,
        null,
        1,
        1,
        null,
        null,
        1,
        1,
        null,
        null,
        1,
        1,
        null,
        null,
        1,
        1,
        null,
        null,
        1,
        1,
        null,
        null,
        1,
        1,
        null,
        null,
        1,
        1,
        null,
        null,
        1,
        1,
        null,
        null,
        1,
        1,
        null,
        null,
        1,
        1,
        null,
        null,
        1,
        1,
        null,
        null,
        1,
        1,
        null,
        null,
        1,
        1,
        null,
        null,
        1,
        1,
        null,
        null,
        null,
        null
      ],
      "/Users/jonathanbernesser/Turing/1module/Black_Thursday/black_thursday/lib/sales_analyst.rb": [
        1,
        1,
        1,
        1,
        1,
        null,
        null,
        1,
        1,
        null,
        null,
        1,
        29,
        29,
        29,
        29,
        29,
        29,
        29,
        null,
        null,
        1,
        12,
        null,
        null,
        1,
        2,
        10,
        null,
        2,
        null,
        null,
        1,
        1,
        1,
        1,
        5,
        null,
        null,
        null,
        1,
        1,
        1,
        null,
        1,
        1,
        null,
        null,
        1,
        66,
        11,
        null,
        null,
        1,
        2,
        10,
        null,
        2,
        null,
        null,
        1,
        1,
        1,
        1,
        null,
        6,
        null,
        null,
        1,
        1,
        1,
        1,
        null,
        null,
        1,
        18,
        null,
        null,
        1,
        3,
        15,
        null,
        null,
        3,
        null,
        null,
        1,
        1,
        1,
        1,
        null,
        6,
        null,
        null,
        1,
        1,
        1,
        1,
        null,
        6,
        null,
        null,
        1,
        1,
        1,
        1,
        null,
        null,
        4,
        1,
        null,
        null,
        1,
        1,
        5,
        null,
        null,
        1,
        1,
        null,
        null,
        1,
        1,
        1,
        null,
        null,
        1,
        1,
        null,
        null,
        1,
        1,
        null,
        null,
        1,
        1,
        5,
        null,
        null,
        null,
        1,
        1,
        5,
        null,
        null,
        null,
        1,
        1,
        5,
        1,
        null,
        null,
        null,
        null,
        1,
        2,
        10,
        null,
        null,
        null,
        1,
        1,
        1,
        null,
        null,
        2,
        null,
        null,
        1,
        1,
        1,
        null,
        null,
        1,
        null,
        null,
        1,
        2,
        2,
        2,
        null,
        null,
        null,
        1,
        2,
        2,
        null,
        2,
        null,
        null,
        1,
        2,
        4,
        null,
        null
      ],
      "/Users/jonathanbernesser/Turing/1module/Black_Thursday/black_thursday/lib/sales_analyst_basic_operations.rb": [
        1,
        null,
        1,
        30,
        null,
        null,
        null,
        null
      ],
      "/Users/jonathanbernesser/Turing/1module/Black_Thursday/black_thursday/test/sales_engine_test.rb": [
        1,
        1,
        1,
        1,
        1,
        1,
        null,
        1,
        null,
        1,
        null,
        1,
        16,
        null,
        null,
        null,
        null,
        null,
        null,
        null,
        null,
        null,
        1,
        1,
        null,
        null,
        1,
        1,
        null,
        null,
        1,
        1,
        null,
        null,
        1,
        1,
        null,
        null,
        1,
        1,
        null,
        null,
        1,
        1,
        null,
        null,
        1,
        1,
        1,
        null,
        null,
        1,
        1,
        1,
        null,
        null,
        1,
        1,
        1,
        null,
        null,
        1,
        1,
        1,
        null,
        null,
        1,
        1,
        1,
        null,
        null,
        1,
        1,
        1,
        null,
        null,
        1,
        1,
        1,
        null,
        null,
        1,
        1,
        1,
        null,
        null,
        1,
        1,
        1,
        null,
        null,
        1,
        1,
        1,
        null,
        null,
        null
      ],
      "/Users/jonathanbernesser/Turing/1module/Black_Thursday/black_thursday/test/transaction_repository_test.rb": [
        1,
        1,
        1,
        1,
        1,
        1,
        1,
        1,
        null,
        null,
        1,
        1,
        null,
        1,
        null,
        11,
        11,
        null,
        null,
        null,
        null,
        null,
        null,
        null,
        null,
        null,
        null,
        null,
        null,
        null,
        null,
        null,
        null,
        null,
        null,
        null,
        1,
        1,
        1,
        1,
        1,
        null,
        null,
        1,
        1,
        null,
        null,
        1,
        1,
        null,
        null,
        1,
        1,
        null,
        null,
        1,
        1,
        null,
        null,
        1,
        1,
        null,
        null,
        1,
        1,
        null,
        null,
        null,
        1,
        1,
        null,
        null,
        1,
        1,
        null,
        null,
        1,
        1,
        null,
        null,
        1,
        1,
        null,
        null,
        null,
        null,
        null,
        null,
        null,
        null
      ],
      "/Users/jonathanbernesser/Turing/1module/Black_Thursday/black_thursday/test/transaction_test.rb": [
        1,
        1,
        1,
        1,
        1,
        1,
        1,
        null,
        1,
        1,
        null,
        1,
        1,
        null,
        null,
        null,
        null,
        null,
        null,
        null,
        null,
        null,
        1,
        1,
        1,
        1,
        1,
        1,
        1,
        1,
        null,
        null,
        null,
        null,
        null,
        null,
        null
      ]
    },
    "timestamp": 1457557211
  }
}
