{
  "RSpec": {
    "coverage": {
      "/Users/jonathanbernesser/Turing/1module/Black_Thursday/black_thursday/lib/customer_repository.rb": [
        1,
        1,
        1,
        null,
        1,
        1,
        1,
        null,
        1,
        53,
        null,
        null,
        null,
        1,
        54,
        47,
        1230,
        null,
        null,
        null,
        null,
        1,
        93,
        null,
        null,
        1,
        3407,
        12892,
        null,
        null,
        null,
        1,
        0,
        0,
        null,
        null,
        null,
        1,
        1,
        2,
        null,
        null,
        null,
        1,
        1,
        2,
        null,
        null,
        null,
        1,
        0,
        null,
        null,
        null
      ],
      "/Users/jonathanbernesser/Turing/1module/Black_Thursday/black_thursday/lib/customer.rb": [
        1,
        null,
        1,
        1,
        null,
        1,
        null,
        1,
        1243,
        1243,
        1243,
        1243,
        1243,
        1243,
        1243,
        null,
        null,
        1,
        0,
        null,
        null,
        null
      ],
      "/Users/jonathanbernesser/Turing/1module/Black_Thursday/black_thursday/lib/csv_loader.rb": [
        1,
        null,
        1,
        null,
        1,
        279,
        null,
        null,
        null
      ],
      "/Users/jonathanbernesser/Turing/1module/Black_Thursday/black_thursday/test/customer_test.rb": [
        1,
        1,
        1,
        1,
        1,
        1,
        1,
        1,
        null,
        1,
        1,
        null,
        1,
        1,
        null,
        null,
        null,
        null,
        null,
        null,
        null,
        1,
        1,
        1,
        1,
        1,
        1,
        null,
        null,
        null
      ],
      "/Users/jonathanbernesser/Turing/1module/Black_Thursday/black_thursday/test/invoice_item_repository_test.rb": [
        1,
        1,
        1,
        1,
        1,
        1,
        1,
        1,
        null,
        1,
        1,
        1,
        null,
        1,
        6,
        6,
        null,
        null,
        null,
        null,
        null,
        null,
        null,
        null,
        null,
        null,
        null,
        null,
        null,
        null,
        null,
        null,
        null,
        null,
        null,
        null,
        null,
        1,
        1,
        1,
        1,
        null,
        1,
        null,
        null,
        1,
        1,
        null,
        null,
        1,
        1,
        null,
        null,
        1,
        1,
        null,
        null,
        1,
        1,
        null,
        null,
        1,
        1,
        null,
        null,
        null,
        null
      ],
      "/Users/jonathanbernesser/Turing/1module/Black_Thursday/black_thursday/lib/invoice_item_repository.rb": [
        1,
        1,
        1,
        null,
        1,
        1,
        1,
        null,
        1,
        53,
        null,
        null,
        1,
        54,
        47,
        22290,
        null,
        null,
        null,
        null,
        1,
        47,
        null,
        null,
        1,
        2,
        7,
        null,
        null,
        null,
        1,
        1,
        2,
        null,
        null,
        null,
        1,
        1713,
        17122,
        null,
        null,
        null,
        1,
        0,
        null,
        null,
        null
      ],
      "/Users/jonathanbernesser/Turing/1module/Black_Thursday/black_thursday/lib/invoice_item.rb": [
        1,
        1,
        null,
        1,
        1,
        null,
        null,
        1,
        null,
        1,
        22304,
        22304,
        22304,
        22304,
        22304,
        22304,
        22304,
        null,
        22304,
        null,
        null,
        1,
        45,
        null,
        45,
        null,
        null,
        1,
        44,
        null,
        null,
        1,
        42,
        null,
        null,
        1,
        0,
        null,
        null,
        null
      ],
      "/Users/jonathanbernesser/Turing/1module/Black_Thursday/black_thursday/test/invoice_item_test.rb": [
        1,
        1,
        1,
        1,
        1,
        1,
        1,
        1,
        null,
        1,
        1,
        null,
        1,
        2,
        null,
        null,
        null,
        null,
        null,
        null,
        null,
        null,
        null,
        1,
        1,
        1,
        1,
        1,
        1,
        1,
        1,
        null,
        null,
        1,
        1,
        null,
        null,
        null
      ],
      "/Users/jonathanbernesser/Turing/1module/Black_Thursday/black_thursday/test/invoice_repository_test.rb": [
        1,
        1,
        1,
        1,
        1,
        1,
        1,
        1,
        null,
        1,
        1,
        null,
        1,
        null,
        12,
        12,
        null,
        null,
        null,
        null,
        null,
        null,
        null,
        null,
        null,
        null,
        null,
        null,
        null,
        null,
        null,
        null,
        null,
        null,
        null,
        1,
        0,
        null,
        null,
        1,
        1,
        null,
        null,
        1,
        1,
        null,
        null,
        1,
        1,
        null,
        null,
        1,
        1,
        null,
        null,
        1,
        1,
        null,
        null,
        1,
        1,
        null,
        null,
        1,
        1,
        null,
        null,
        1,
        1,
        null,
        null,
        1,
        1,
        null,
        null,
        1,
        1,
        null,
        null,
        1,
        1,
        null,
        null,
        1,
        1,
        null,
        null,
        null
      ],
      "/Users/jonathanbernesser/Turing/1module/Black_Thursday/black_thursday/lib/invoice_repository.rb": [
        1,
        1,
        1,
        null,
        1,
        1,
        1,
        null,
        1,
        59,
        1748,
        null,
        null,
        null,
        1,
        634,
        null,
        null,
        1,
        466,
        2542,
        null,
        null,
        null,
        1,
        231,
        8512,
        null,
        null,
        null,
        1,
        325,
        11920,
        null,
        null,
        null,
        1,
        2,
        4,
        null,
        null,
        null,
        1,
        9,
        null,
        null,
        1,
        3,
        76,
        76,
        null,
        null,
        null,
        1,
        2,
        7,
        null,
        null,
        2,
        2,
        null,
        null,
        1,
        2,
        74,
        null,
        null,
        null,
        1,
        0,
        null,
        null,
        null
      ],
      "/Users/jonathanbernesser/Turing/1module/Black_Thursday/black_thursday/lib/invoice.rb": [
        1,
        null,
        1,
        1,
        null,
        null,
        1,
        null,
        1,
        1733,
        1733,
        1733,
        1733,
        1733,
        1733,
        null,
        1733,
        1733,
        1733,
        1733,
        1733,
        null,
        null,
        1,
        0,
        null,
        null,
        1,
        19,
        19,
        null,
        null,
        null,
        1,
        3,
        2,
        2,
        2,
        null,
        null,
        null,
        null,
        1,
        10,
        5,
        null,
        null,
        null
      ],
      "/Users/jonathanbernesser/Turing/1module/Black_Thursday/black_thursday/lib/standard_deviator.rb": [
        1,
        null,
        1,
        9,
        9,
        null,
        9,
        null,
        null,
        1,
        11,
        null,
        null,
        null
      ],
      "/Users/jonathanbernesser/Turing/1module/Black_Thursday/black_thursday/test/invoice_test.rb": [
        1,
        1,
        1,
        1,
        1,
        1,
        1,
        1,
        1,
        1,
        null,
        1,
        1,
        null,
        1,
        null,
        6,
        null,
        null,
        null,
        null,
        null,
        null,
        null,
        null,
        6,
        null,
        null,
        null,
        1,
        1,
        null,
        null,
        1,
        1,
        1,
        1,
        1,
        1,
        1,
        null,
        null,
        1,
        1,
        1,
        1,
        null,
        1,
        null,
        null,
        1,
        1,
        1,
        1,
        null,
        1,
        null,
        null,
        1,
        1,
        1,
        1,
        null,
        1,
        1,
        1,
        null,
        1,
        null,
        null,
        1,
        1,
        1,
        1,
        null,
        1,
        1,
        1,
        null,
        1,
        null,
        null,
        null
      ],
      "/Users/jonathanbernesser/Turing/1module/Black_Thursday/black_thursday/lib/transaction.rb": [
        1,
        null,
        1,
        1,
        null,
        null,
        null,
        1,
        null,
        1,
        5468,
        5468,
        5468,
        5468,
        5468,
        5468,
        5468,
        5468,
        null,
        null,
        1,
        0,
        null,
        null,
        1,
        47,
        null,
        null,
        null
      ],
      "/Users/jonathanbernesser/Turing/1module/Black_Thursday/black_thursday/test/item_repository_test.rb": [
        1,
        1,
        1,
        1,
        1,
        1,
        1,
        1,
        null,
        1,
        1,
        1,
        null,
        1,
        10,
        10,
        10,
        null,
        null,
        null,
        null,
        null,
        null,
        null,
        null,
        null,
        null,
        null,
        null,
        null,
        null,
        null,
        null,
        null,
        null,
        null,
        null,
        1,
        1,
        null,
        1,
        null,
        null,
        1,
        1,
        null,
        1,
        null,
        null,
        1,
        1,
        null,
        1,
        null,
        null,
        1,
        1,
        null,
        1,
        null,
        null,
        1,
        1,
        null,
        1,
        null,
        null,
        1,
        1,
        null,
        1,
        null,
        null,
        1,
        1,
        1,
        null,
        1,
        1,
        null,
        1,
        1,
        1,
        null,
        null,
        1,
        1,
        1,
        null,
        null,
        null,
        1,
        null,
        null,
        1,
        1,
        null,
        1,
        1,
        1,
        null,
        null,
        1,
        1,
        null,
        1,
        null,
        null,
        null
      ],
      "/Users/jonathanbernesser/Turing/1module/Black_Thursday/black_thursday/lib/item_repository.rb": [
        1,
        1,
        1,
        null,
        1,
        1,
        1,
        null,
        1,
        56,
        276,
        null,
        null,
        null,
        1,
        77,
        null,
        null,
        1,
        465,
        1851,
        null,
        null,
        null,
        1,
        3,
        6,
        null,
        null,
        null,
        1,
        1,
        2,
        null,
        null,
        null,
        1,
        1,
        2,
        null,
        null,
        null,
        1,
        1,
        2,
        null,
        null,
        null,
        1,
        323,
        1612,
        null,
        null,
        null,
        1,
        0,
        null,
        null,
        null
      ],
      "/Users/jonathanbernesser/Turing/1module/Black_Thursday/black_thursday/lib/item.rb": [
        1,
        1,
        1,
        null,
        1,
        1,
        null,
        1,
        null,
        1,
        259,
        259,
        259,
        259,
        259,
        259,
        259,
        null,
        259,
        null,
        null,
        1,
        1,
        null,
        1,
        null,
        null,
        1,
        1,
        null,
        null,
        1,
        1,
        null,
        null,
        1,
        81,
        null,
        null,
        1,
        0,
        null,
        null,
        null
      ],
      "/Users/jonathanbernesser/Turing/1module/Black_Thursday/black_thursday/test/item_test.rb": [
        1,
        1,
        1,
        1,
        1,
        1,
        1,
        1,
        null,
        1,
        1,
        null,
        1,
        9,
        null,
        null,
        null,
        null,
        null,
        null,
        null,
        null,
        null,
        null,
        null,
        null,
        1,
        1,
        null,
        null,
        1,
        1,
        null,
        null,
        1,
        1,
        null,
        null,
        1,
        1,
        null,
        null,
        1,
        1,
        null,
        null,
        1,
        1,
        null,
        null,
        1,
        1,
        null,
        null,
        1,
        1,
        null,
        null,
        1,
        1,
        null,
        1,
        null,
        null,
        null
      ],
      "/Users/jonathanbernesser/Turing/1module/Black_Thursday/black_thursday/test/merchant_repository_test.rb": [
        1,
        1,
        1,
        1,
        1,
        1,
        1,
        1,
        1,
        null,
        1,
        1,
        null,
        1,
        7,
        7,
        null,
        null,
        null,
        null,
        null,
        1,
        1,
        null,
        1,
        null,
        null,
        1,
        1,
        1,
        null,
        1,
        null,
        null,
        1,
        1,
        null,
        1,
        null,
        null,
        1,
        1,
        null,
        1,
        null,
        null,
        1,
        1,
        null,
        1,
        null,
        null,
        1,
        1,
        1,
        null,
        1,
        null,
        null,
        1,
        1,
        1,
        1,
        null,
        1,
        1,
        null,
        null,
        null
      ],
      "/Users/jonathanbernesser/Turing/1module/Black_Thursday/black_thursday/lib/merchant_repository.rb": [
        1,
        1,
        1,
        null,
        1,
        1,
        1,
        null,
        1,
        53,
        368,
        null,
        null,
        null,
        1,
        194,
        null,
        null,
        1,
        3643,
        15066,
        null,
        null,
        null,
        1,
        3,
        8,
        null,
        null,
        null,
        1,
        1,
        3,
        null,
        null,
        null,
        1,
        0,
        null,
        null,
        null
      ],
      "/Users/jonathanbernesser/Turing/1module/Black_Thursday/black_thursday/lib/merchant.rb": [
        1,
        null,
        1,
        1,
        1,
        null,
        1,
        348,
        348,
        348,
        348,
        348,
        348,
        348,
        null,
        null,
        1,
        9,
        4,
        null,
        5,
        null,
        null,
        null,
        1,
        0,
        null,
        null,
        1,
        null,
        109,
        37,
        37,
        37,
        null,
        null,
        21,
        null,
        null,
        null,
        1,
        0,
        0,
        null,
        null,
        null,
        1,
        2,
        14,
        null,
        null,
        null,
        1,
        7,
        10,
        null,
        null,
        null,
        null
      ],
      "/Users/jonathanbernesser/Turing/1module/Black_Thursday/black_thursday/lib/sales_engine.rb": [
        1,
        1,
        1,
        1,
        1,
        1,
        1,
        1,
        null,
        1,
        1,
        null,
        null,
        1,
        null,
        46,
        46,
        46,
        46,
        46,
        46,
        46,
        null,
        46,
        null,
        null,
        null,
        1,
        46,
        46,
        46,
        46,
        46,
        46,
        null,
        null,
        46,
        null,
        null,
        null,
        1,
        null,
        46,
        46,
        46,
        46,
        46,
        46,
        46,
        46,
        46,
        46,
        46,
        null,
        null,
        1,
        46,
        230,
        null,
        null,
        null,
        1,
        46,
        322,
        null,
        null,
        null,
        1,
        46,
        1702,
        null,
        null,
        null,
        1,
        46,
        322,
        null,
        null,
        null,
        1,
        46,
        460,
        null,
        460,
        460,
        null,
        null,
        null,
        1,
        46,
        460,
        17020,
        17020,
        null,
        null,
        null,
        null,
        1,
        46,
        1702,
        null,
        null,
        null,
        1,
        46,
        230,
        null,
        null,
        null,
        1,
        46,
        322,
        1702,
        null,
        null,
        null,
        null,
        1,
        46,
        230,
        1702,
        null,
        null,
        null,
        null,
        1,
        46,
        1702,
        null,
        null,
        null,
        null
      ],
      "/Users/jonathanbernesser/Turing/1module/Black_Thursday/black_thursday/lib/transaction_repository.rb": [
        1,
        1,
        null,
        1,
        1,
        1,
        null,
        1,
        58,
        null,
        null,
        1,
        59,
        47,
        5445,
        null,
        null,
        null,
        null,
        1,
        47,
        null,
        null,
        1,
        4,
        11,
        null,
        null,
        null,
        1,
        2,
        4,
        null,
        null,
        null,
        1,
        2,
        4,
        null,
        null,
        null,
        1,
        2,
        4,
        null,
        null,
        null,
        1,
        0,
        null,
        null,
        null
      ],
      "/Users/jonathanbernesser/Turing/1module/Black_Thursday/black_thursday/test/merchant_test.rb": [
        1,
        1,
        1,
        1,
        1,
        1,
        null,
        1,
        1,
        null,
        1,
        5,
        null,
        null,
        null,
        null,
        null,
        1,
        1,
        null,
        null,
        1,
        1,
        null,
        null,
        1,
        1,
        1,
        null,
        null,
        1,
        1,
        1,
        1,
        1,
        null,
        null,
        1,
        1,
        null,
        null,
        null
      ],
      "/Users/jonathanbernesser/Turing/1module/Black_Thursday/black_thursday/test/sales_analyst_test.rb": [
        1,
        1,
        1,
        1,
        1,
        1,
        1,
        1,
        1,
        1,
        1,
        1,
        1,
        null,
        1,
        1,
        null,
        1,
        30,
        null,
        null,
        null,
        null,
        null,
        null,
        null,
        null,
        30,
        null,
        null,
        null,
        1,
        1,
        null,
        null,
        1,
        1,
        null,
        null,
        1,
        1,
        null,
        null,
        1,
        1,
        null,
        null,
        1,
        1,
        null,
        null,
        1,
        1,
        null,
        null,
        1,
        1,
        null,
        null,
        1,
        1,
        null,
        null,
        1,
        1,
        null,
        null,
        1,
        1,
        null,
        null,
        1,
        0,
        null,
        null,
        1,
        1,
        null,
        null,
        1,
        1,
        null,
        null,
        1,
        1,
        null,
        null,
        1,
        1,
        null,
        null,
        1,
        1,
        null,
        null,
        1,
        1,
        null,
        null,
        1,
        1,
        null,
        null,
        1,
        1,
        null,
        null,
        1,
        1,
        null,
        null,
        1,
        1,
        null,
        null,
        1,
        1,
        null,
        null,
        1,
        1,
        null,
        null,
        1,
        1,
        null,
        null,
        1,
        1,
        null,
        null,
        1,
        1,
        null,
        null,
        1,
        1,
        null,
        null,
        1,
        1,
        null,
        null,
        1,
        1,
        null,
        null,
        1,
        1,
        null,
        null,
        1,
        1,
        null,
        null,
        null
      ],
      "/Users/jonathanbernesser/Turing/1module/Black_Thursday/black_thursday/lib/sales_analyst.rb": [
        1,
        1,
        1,
        1,
        1,
        null,
        null,
        1,
        1,
        null,
        null,
        1,
        30,
        30,
        30,
        30,
        30,
        30,
        30,
        null,
        null,
        1,
        16,
        null,
        null,
        1,
        2,
        14,
        null,
        2,
        null,
        null,
        1,
        1,
        1,
        1,
        7,
        null,
        null,
        null,
        1,
        1,
        1,
        null,
        1,
        1,
        null,
        null,
        1,
        66,
        11,
        null,
        null,
        1,
        2,
        10,
        null,
        2,
        null,
        null,
        1,
        1,
        1,
        1,
        null,
        6,
        null,
        null,
        1,
        1,
        1,
        1,
        null,
        null,
        1,
        24,
        null,
        null,
        1,
        3,
        21,
        null,
        3,
        null,
        null,
        1,
        1,
        1,
        1,
        null,
        8,
        null,
        null,
        1,
        1,
        1,
        1,
        null,
        8,
        null,
        null,
        1,
        1,
        1,
        1,
        null,
        null,
        5,
        1,
        null,
        null,
        1,
        1,
        37,
        null,
        null,
        1,
        1,
        null,
        null,
        1,
        2,
        2,
        null,
        null,
        1,
        1,
        null,
        null,
        1,
        1,
        null,
        null,
        1,
        1,
        7,
        null,
        null,
        null,
        1,
        1,
        7,
        null,
        null,
        null,
        1,
        1,
        7,
        1,
        null,
        null,
        null,
        null,
        1,
        2,
        14,
        null,
        null,
        null,
        1,
        1,
        5,
        null,
        null,
        2,
        null,
        null,
        1,
        1,
        5,
        null,
        null,
        1,
        null,
        null,
        1,
        2,
        2,
        10,
        null,
        null,
        null,
        1,
        2,
        10,
        null,
        null,
        2,
        null,
        null,
        1,
        2,
        12,
        null,
        null,
        null
      ],
      "/Users/jonathanbernesser/Turing/1module/Black_Thursday/black_thursday/lib/sales_analyst_basic_operations.rb": [
        1,
        null,
        1,
        40,
        null,
        null,
        null
      ],
      "/Users/jonathanbernesser/Turing/1module/Black_Thursday/black_thursday/test/sales_engine_test.rb": [
        1,
        1,
        1,
        1,
        1,
        1,
        null,
        1,
        1,
        null,
        1,
        16,
        null,
        null,
        null,
        null,
        null,
        null,
        null,
        null,
        null,
        1,
        1,
        null,
        null,
        1,
        1,
        null,
        null,
        1,
        1,
        null,
        null,
        1,
        1,
        null,
        null,
        1,
        1,
        null,
        null,
        1,
        1,
        null,
        null,
        1,
        1,
        1,
        null,
        null,
        1,
        1,
        1,
        null,
        null,
        1,
        1,
        1,
        null,
        null,
        1,
        1,
        1,
        null,
        null,
        1,
        1,
        1,
        null,
        null,
        1,
        1,
        1,
        null,
        null,
        1,
        1,
        1,
        null,
        null,
        1,
        1,
        1,
        null,
        null,
        1,
        1,
        1,
        null,
        null,
        1,
        1,
        1,
        null,
        null,
        null
      ],
      "/Users/jonathanbernesser/Turing/1module/Black_Thursday/black_thursday/test/transaction_repository_test.rb": [
        1,
        1,
        1,
        1,
        1,
        1,
        1,
        1,
        null,
        null,
        1,
        1,
        null,
        1,
        11,
        11,
        null,
        null,
        null,
        null,
        null,
        null,
        null,
        null,
        null,
        null,
        null,
        null,
        null,
        null,
        null,
        null,
        null,
        null,
        null,
        1,
        1,
        1,
        1,
        1,
        null,
        null,
        1,
        1,
        null,
        null,
        1,
        1,
        null,
        null,
        1,
        1,
        null,
        null,
        1,
        1,
        null,
        null,
        1,
        1,
        null,
        null,
        1,
        1,
        null,
        null,
        null,
        1,
        1,
        null,
        null,
        1,
        1,
        null,
        null,
        1,
        1,
        null,
        null,
        1,
        1,
        null,
        null,
        null,
        null,
        null,
        null,
        null,
        null
      ],
      "/Users/jonathanbernesser/Turing/1module/Black_Thursday/black_thursday/test/transaction_test.rb": [
        1,
        1,
        1,
        1,
        1,
        1,
        1,
        null,
        1,
        1,
        null,
        1,
        1,
        null,
        null,
        null,
        null,
        null,
        null,
        null,
        null,
        null,
        1,
        1,
        1,
        1,
        1,
        1,
        1,
        1,
        null,
        null,
        null,
        null,
        null,
        null,
        null
      ]
    },
    "timestamp": 1457623906
  }
}
